<?xml version="1.0" encoding="UTF-8"?>
<testng-results ignored="0" total="1" passed="1" failed="0" skipped="0">
  <reporter-output>
  </reporter-output>
  <suite started-at="2024-08-30T14:06:06 IST" name="Default suite" finished-at="2024-08-30T14:06:32 IST" duration-ms="26540">
    <groups>
    </groups>
    <test started-at="2024-08-30T14:06:06 IST" name="Default test" finished-at="2024-08-30T14:06:32 IST" duration-ms="26540">
      <class name="android_test.DateCalendar">
        <test-method is-config="true" signature="configuration()[pri:0, instance:android_test.DateCalendar@26d9b808]" started-at="2024-08-30T14:06:06 IST" name="configuration" finished-at="2024-08-30T14:06:20 IST" duration-ms="14229" status="PASS">
          <reporter-output>
          </reporter-output>
        </test-method> <!-- configuration -->
        <test-method signature="testcase1()[pri:0, instance:android_test.DateCalendar@26d9b808]" started-at="2024-08-30T14:06:20 IST" name="testcase1" finished-at="2024-08-30T14:06:32 IST" duration-ms="12253" status="PASS">
          <reporter-output>
          </reporter-output>
        </test-method> <!-- testcase1 -->
        <test-method is-config="true" signature="tearDown()[pri:0, instance:android_test.DateCalendar@26d9b808]" started-at="2024-08-30T14:06:32 IST" name="tearDown" finished-at="2024-08-30T14:06:32 IST" duration-ms="21" status="FAIL">
          <exception class="org.openqa.selenium.UnsupportedCommandException">
            <message>
              <![CDATA[The requested resource could not be found, or a request was received using an HTTP method that is not supported by the mapped resource
Build info: version: '4.17.0', revision: 'e52b1be057*'
System info: os.name: 'Mac OS X', os.arch: 'aarch64', os.version: '14.6.1', java.version: '21.0.3'
Driver info: io.appium.java_client.android.AndroidDriver
Command: [fc12af55-9669-468f-853d-88de9c1bea0b, close {}]
Capabilities {appium:app: //Users//satheshkumarmuruga..., appium:appPackage: io.appium.android.apis, appium:automationName: UIAutomator2, appium:databaseEnabled: false, appium:desired: {app: //Users//satheshkumarmuruga..., automationName: UIAutomator2, deviceName: Pixel 5, platformName: ANDROID}, appium:deviceApiLevel: 32, appium:deviceManufacturer: Google, appium:deviceModel: sdk_gphone64_arm64, appium:deviceName: emulator-5554, appium:deviceScreenDensity: 440, appium:deviceScreenSize: 1080x2340, appium:deviceUDID: emulator-5554, appium:javascriptEnabled: true, appium:locationContextEnabled: false, appium:networkConnectionEnabled: true, appium:pixelRatio: 2.75, appium:platformVersion: 12, appium:statBarHeight: 145, appium:takesScreenshot: true, appium:viewportRect: {height: 2195, left: 0, top: 145, width: 1080}, appium:warnings: {}, appium:webStorageEnabled: false, platformName: ANDROID}
Session ID: fc12af55-9669-468f-853d-88de9c1bea0b]]>
            </message>
            <full-stacktrace>
              <![CDATA[org.openqa.selenium.UnsupportedCommandException: The requested resource could not be found, or a request was received using an HTTP method that is not supported by the mapped resource
Build info: version: '4.17.0', revision: 'e52b1be057*'
System info: os.name: 'Mac OS X', os.arch: 'aarch64', os.version: '14.6.1', java.version: '21.0.3'
Driver info: io.appium.java_client.android.AndroidDriver
Command: [fc12af55-9669-468f-853d-88de9c1bea0b, close {}]
Capabilities {appium:app: //Users//satheshkumarmuruga..., appium:appPackage: io.appium.android.apis, appium:automationName: UIAutomator2, appium:databaseEnabled: false, appium:desired: {app: //Users//satheshkumarmuruga..., automationName: UIAutomator2, deviceName: Pixel 5, platformName: ANDROID}, appium:deviceApiLevel: 32, appium:deviceManufacturer: Google, appium:deviceModel: sdk_gphone64_arm64, appium:deviceName: emulator-5554, appium:deviceScreenDensity: 440, appium:deviceScreenSize: 1080x2340, appium:deviceUDID: emulator-5554, appium:javascriptEnabled: true, appium:locationContextEnabled: false, appium:networkConnectionEnabled: true, appium:pixelRatio: 2.75, appium:platformVersion: 12, appium:statBarHeight: 145, appium:takesScreenshot: true, appium:viewportRect: {height: 2195, left: 0, top: 145, width: 1080}, appium:warnings: {}, appium:webStorageEnabled: false, platformName: ANDROID}
Session ID: fc12af55-9669-468f-853d-88de9c1bea0b
at java.base/jdk.internal.reflect.DirectConstructorHandleAccessor.newInstance(DirectConstructorHandleAccessor.java:62)
at java.base/java.lang.reflect.Constructor.newInstanceWithCaller(Constructor.java:502)
at java.base/java.lang.reflect.Constructor.newInstance(Constructor.java:486)
at org.openqa.selenium.remote.codec.w3c.W3CHttpResponseCodec.createException(W3CHttpResponseCodec.java:185)
at org.openqa.selenium.remote.codec.w3c.W3CHttpResponseCodec.decode(W3CHttpResponseCodec.java:134)
at org.openqa.selenium.remote.codec.w3c.W3CHttpResponseCodec.decode(W3CHttpResponseCodec.java:51)
at org.openqa.selenium.remote.HttpCommandExecutor.execute(HttpCommandExecutor.java:190)
at io.appium.java_client.remote.AppiumCommandExecutor.execute(AppiumCommandExecutor.java:237)
at org.openqa.selenium.remote.RemoteWebDriver.execute(RemoteWebDriver.java:519)
at org.openqa.selenium.remote.RemoteWebDriver.execute(RemoteWebDriver.java:592)
at io.appium.java_client.AppiumDriver.execute(AppiumDriver.java:307)
at org.openqa.selenium.remote.RemoteWebDriver.close(RemoteWebDriver.java:406)
at android_test.Base.tearDown(Base.java:49)
at java.base/jdk.internal.reflect.DirectMethodHandleAccessor.invoke(DirectMethodHandleAccessor.java:103)
at java.base/java.lang.reflect.Method.invoke(Method.java:580)
at org.testng.internal.invokers.MethodInvocationHelper.invokeMethod(MethodInvocationHelper.java:139)
at org.testng.internal.invokers.MethodInvocationHelper.invokeMethodConsideringTimeout(MethodInvocationHelper.java:69)
at org.testng.internal.invokers.ConfigInvoker.invokeConfigurationMethod(ConfigInvoker.java:361)
at org.testng.internal.invokers.ConfigInvoker.invokeConfigurations(ConfigInvoker.java:296)
at org.testng.internal.invokers.TestMethodWorker.invokeAfterClassMethods(TestMethodWorker.java:222)
at org.testng.internal.invokers.TestMethodWorker.run(TestMethodWorker.java:131)
at java.base/java.util.ArrayList.forEach(ArrayList.java:1596)
at org.testng.TestRunner.privateRun(TestRunner.java:829)
at org.testng.TestRunner.run(TestRunner.java:602)
at org.testng.SuiteRunner.runTest(SuiteRunner.java:437)
at org.testng.SuiteRunner.runSequentially(SuiteRunner.java:431)
at org.testng.SuiteRunner.privateRun(SuiteRunner.java:391)
at org.testng.SuiteRunner.run(SuiteRunner.java:330)
at org.testng.SuiteRunnerWorker.runSuite(SuiteRunnerWorker.java:52)
at org.testng.SuiteRunnerWorker.run(SuiteRunnerWorker.java:95)
at org.testng.TestNG.runSuitesSequentially(TestNG.java:1256)
at org.testng.TestNG.runSuitesLocally(TestNG.java:1176)
at org.testng.TestNG.runSuites(TestNG.java:1099)
at org.testng.TestNG.run(TestNG.java:1067)
at org.testng.remote.AbstractRemoteTestNG.run(AbstractRemoteTestNG.java:115)
at org.testng.remote.RemoteTestNG.initAndRun(RemoteTestNG.java:293)
at org.testng.remote.RemoteTestNG.main(RemoteTestNG.java:91)
]]>
            </full-stacktrace>
          </exception> <!-- org.openqa.selenium.UnsupportedCommandException -->
          <reporter-output>
          </reporter-output>
        </test-method> <!-- tearDown -->
      </class> <!-- android_test.DateCalendar -->
    </test> <!-- Default test -->
  </suite> <!-- Default suite -->
</testng-results>
